<?xml version="1.0" encoding="UTF-8"?>
<testsuite name="co.com.stiven.productstore.runners.iniciosesion.InicioSesionRunner" tests="1" skipped="0" failures="0" errors="0" timestamp="2024-04-19T04:43:07" hostname="JPRL" time="8.442">
  <properties/>
  <testcase name="Iniciar sesion correctamente con un usuario valido" classname="co.com.stiven.productstore.runners.iniciosesion.InicioSesionRunner" time="8.442"/>
  <system-out><![CDATA[]]></system-out>
  <system-err><![CDATA[[Test worker] INFO  - ?[96m

-------------------------------------------------------------------------------------
     _______. _______ .______       _______ .__   __.  __  .___________.____    ____ 
    /       ||   ____||   _  \     |   ____||  \ |  | |  | |           |\   \  /   / 
   |   (----`|  |__   |  |_)  |    |  |__   |   \|  | |  | `---|  |----` \   \/   /  
    \   \    |   __|  |      /     |   __|  |  . `  | |  |     |  |       \_    _/   
.----)   |   |  |____ |  |\  \----.|  |____ |  |\   | |  |     |  |         |  |     
|_______/    |_______|| _| `._____||_______||__| \__| |__|     |__|         |__|    
                                                                                     
 News and tutorials at https://serenity-bdd.info                                     
 Documentation at https://serenity-bdd.github.io                                     
 Test Automation Training and Coaching: https://www.serenity-dojo.com                
 Commercial Support: https://www.serenity-dojo.com/serenity-bdd-enterprise-support   
 Join the Serenity Community on Gitter: https://gitter.im/serenity-bdd/serenity-core 
-------------------------------------------------------------------------------------
?[0m
[Test worker] INFO  - Test Suite Started: Sitio web Product Store - Iniciar sesion
[Test worker] INFO  - Test Suite Started: Sitio web Product Store - Iniciar sesion
[Test worker] INFO  - 
  _____   ___   ___   _____     ___   _____     _     ___   _____   ___   ___  
 |_   _| | __| / __| |_   _|   / __| |_   _|   /_\   | _ \ |_   _| | __| |   \ 
   | |   | _|  \__ \   | |     \__ \   | |    / _ \  |   /   | |   | _|  | |) |
   |_|   |___| |___/   |_|     |___/   |_|   /_/ \_\ |_|_\   |_|   |___| |___/ 

Iniciar sesion correctamente con un usuario valido(sitio-web-product-store---iniciar-sesion;iniciar-sesion-correctamente-con-un-usuario-valido)
--------------------------------------------------------------------------------
[Test worker] INFO  - ?[92m|-- 1: Iniciar sesion correctamente con un usuario valido ({usuario=stivenhr21TestAutomation, clave=123})?[0m
[Test worker] INFO  - ?[92m|---- Dado que el usuario se encuentra en la pagina de inicio de sesion?[0m
[Test worker] INFO  - ?[92m|------ El actor abrir url?[0m
[Test worker] INFO  - ?[92m|-------- El actor opens the pages.productStore page?[0m
[Test worker] INFO net.serenitybdd.core.webdriver.driverproviders.ChromeDriverProvider - Starting Chrome driver instance with capabilities:
[Test worker] INFO net.serenitybdd.core.webdriver.driverproviders.ChromeDriverProvider - Capabilities {acceptInsecureCerts: false, browserName: chrome, goog:chromeOptions: {args: [disk-cache-dir=null, disable-popup-blocking, incognito, disable-download-notification, start-maximized, test-type, ignore-certificate-errors, allow-running-insecure-content, disable-translate, always-authorize-plugins, disable-extensions, disk-cache-dir=null, disable-popup-blocking, incognito, disable-download-notification, start-maximized, test-type, ignore-certificate-errors, allow-running-insecure-content, disable-translate, always-authorize-plugins, disable-extensions, remote-allow-origins=*], extensions: []}}
abr. 18, 2024 11:43:08 P. M. org.openqa.selenium.devtools.CdpVersionFinder findNearestMatch
WARNING: Unable to find an exact match for CDP version 123, returning the closest version; found: 121; Please update to a Selenium version that supports CDP version 123
[Test worker] INFO  - ?[92m|---- Cuando el usuario ingresa sus credenciales
| usuario | clave |
| stivenhr21TestAutomation | 123 |?[0m
[Test worker] INFO  - ?[92m|------ El actor Cargo los datos de la prueba para la automatización [{usuario=stivenhr21TestAutomation, clave=123}]?[0m
[Test worker] INFO  - ?[92m|------ El actor inicio sesion?[0m
[Test worker] INFO  - ?[92m|-------- El actor clicks on Opcion del menu para abrir el modulo de login?[0m
[Test worker] INFO  - ?[92m|-------- El actor enters 'stivenhr21TestAutomation' into Input para diligenciar el usuario a loguearse?[0m
[Test worker] INFO  - ?[92m|-------- El actor enters '123' into Input para diligenciar la clave a loguearse?[0m
[Test worker] INFO  - ?[92m|-------- El actor clicks on Boton para iniciar sesion?[0m
[Test worker] INFO  - ?[92m|---- Entonces el usuario se visualizara logueado en el sitio web?[0m
[Test worker] INFO  - ?[92m|------ Then validar inicio sesion should be (true)?[0m
[Test worker] INFO  - ?[92m
  _____   ___   ___   _____     ___     _     ___   ___   ___   ___  
 |_   _| | __| / __| |_   _|   | _ \   /_\   / __| / __| | __| |   \ 
   | |   | _|  \__ \   | |     |  _/  / _ \  \__ \ \__ \ | _|  | |) |
   |_|   |___| |___/   |_|     |_|   /_/ \_\ |___/ |___/ |___| |___/ 

Iniciar sesion correctamente con un usuario valido
----------------------------------------------------------------------?[0m
]]></system-err>
</testsuite>
